<?xml version="1.0" encoding="UTF-8"?>
<testng-results ignored="0" total="1" passed="1" failed="0" skipped="0">
  <reporter-output>
  </reporter-output>
  <suite started-at="2024-08-17T06:21:39Z" name="Default suite" finished-at="2024-08-17T06:22:08Z" duration-ms="28862">
    <groups>
    </groups>
    <test started-at="2024-08-17T06:21:39Z" name="Default test" finished-at="2024-08-17T06:22:08Z" duration-ms="28862">
      <class name="com.metamaskLogin.TestHeadless">
        <test-method signature="login()[pri:0, instance:com.metamaskLogin.TestHeadless@4f49f6af]" started-at="2024-08-17T06:21:39Z" name="login" finished-at="2024-08-17T06:22:08Z" duration-ms="28827" status="PASS">
          <reporter-output>
          </reporter-output>
        </test-method> <!-- login -->
      </class> <!-- com.metamaskLogin.TestHeadless -->
    </test> <!-- Default test -->
  </suite> <!-- Default suite -->
</testng-results>
